<?xml version="1.0" encoding="UTF-8"?>
<testng-results skipped="0" failed="0" ignored="0" total="12" passed="12">
  <reporter-output>
  </reporter-output>
  <suite name="Surefire suite" duration-ms="79886" started-at="2023-01-16T22:57:09 EET" finished-at="2023-01-16T22:58:28 EET">
    <groups>
      <group name="cucumber">
        <method signature="AbstractTestNGCucumberTests.runScenario(io.cucumber.testng.PickleWrapper,io.cucumber.testng.FeatureWrapper)[pri:0, instance:org.example.runners.TestRunner1@36b4cef0]" name="runScenario" class="io.cucumber.testng.AbstractTestNGCucumberTests"/>
      </group> <!-- cucumber -->
    </groups>
    <test name="Surefire test" duration-ms="79886" started-at="2023-01-16T22:57:09 EET" finished-at="2023-01-16T22:58:28 EET">
      <class name="org.example.runners.TestRunner1">
        <test-method status="PASS" signature="setUpClass(org.testng.ITestContext)[pri:0, instance:org.example.runners.TestRunner1@36b4cef0]" name="setUpClass" is-config="true" duration-ms="374" started-at="2023-01-16T22:57:09 EET" finished-at="2023-01-16T22:57:09 EET">
          <params>
            <param index="0">
              <value>
                <![CDATA[org.testng.TestRunner@61f377d1]]>
              </value>
            </param>
          </params>
          <reporter-output>
          </reporter-output>
        </test-method> <!-- setUpClass -->
        <test-method status="PASS" signature="runScenario(io.cucumber.testng.PickleWrapper,io.cucumber.testng.FeatureWrapper)[pri:0, instance:org.example.runners.TestRunner1@36b4cef0]" name="runScenario" duration-ms="6376" started-at="2023-01-16T22:57:09 EET" description="Runs Cucumber Scenarios" data-provider="scenarios" finished-at="2023-01-16T22:57:15 EET">
          <params>
            <param index="0">
              <value>
                <![CDATA["User could register with valid data"]]>
              </value>
            </param>
            <param index="1">
              <value>
                <![CDATA["user should be able to register to the system"]]>
              </value>
            </param>
          </params>
          <reporter-output>
          </reporter-output>
        </test-method> <!-- runScenario -->
        <test-method status="PASS" signature="runScenario(io.cucumber.testng.PickleWrapper,io.cucumber.testng.FeatureWrapper)[pri:0, instance:org.example.runners.TestRunner1@36b4cef0]" name="runScenario" duration-ms="6575" started-at="2023-01-16T22:57:15 EET" description="Runs Cucumber Scenarios" data-provider="scenarios" finished-at="2023-01-16T22:57:22 EET">
          <params>
            <param index="0">
              <value>
                <![CDATA["user login with valid email and password"]]>
              </value>
            </param>
            <param index="1">
              <value>
                <![CDATA["user should be able to login to the system"]]>
              </value>
            </param>
          </params>
          <reporter-output>
          </reporter-output>
        </test-method> <!-- runScenario -->
        <test-method status="PASS" signature="runScenario(io.cucumber.testng.PickleWrapper,io.cucumber.testng.FeatureWrapper)[pri:0, instance:org.example.runners.TestRunner1@36b4cef0]" name="runScenario" duration-ms="4137" started-at="2023-01-16T22:57:22 EET" description="Runs Cucumber Scenarios" data-provider="scenarios" finished-at="2023-01-16T22:57:26 EET">
          <params>
            <param index="0">
              <value>
                <![CDATA["user forget password"]]>
              </value>
            </param>
            <param index="1">
              <value>
                <![CDATA["user could reset his password"]]>
              </value>
            </param>
          </params>
          <reporter-output>
          </reporter-output>
        </test-method> <!-- runScenario -->
        <test-method status="PASS" signature="runScenario(io.cucumber.testng.PickleWrapper,io.cucumber.testng.FeatureWrapper)[pri:0, instance:org.example.runners.TestRunner1@36b4cef0]" name="runScenario" duration-ms="3553" started-at="2023-01-16T22:57:26 EET" description="Runs Cucumber Scenarios" data-provider="scenarios" finished-at="2023-01-16T22:57:30 EET">
          <params>
            <param index="0">
              <value>
                <![CDATA["user could search for any product"]]>
              </value>
            </param>
            <param index="1">
              <value>
                <![CDATA["Logged User could search for any product"]]>
              </value>
            </param>
          </params>
          <reporter-output>
          </reporter-output>
        </test-method> <!-- runScenario -->
        <test-method status="PASS" signature="runScenario(io.cucumber.testng.PickleWrapper,io.cucumber.testng.FeatureWrapper)[pri:0, instance:org.example.runners.TestRunner1@36b4cef0]" name="runScenario" duration-ms="6218" started-at="2023-01-16T22:57:30 EET" description="Runs Cucumber Scenarios" data-provider="scenarios" finished-at="2023-01-16T22:57:36 EET">
          <params>
            <param index="0">
              <value>
                <![CDATA["user could switch between currencies US-Euro"]]>
              </value>
            </param>
            <param index="1">
              <value>
                <![CDATA["Logged User could switch between currencies"]]>
              </value>
            </param>
          </params>
          <reporter-output>
          </reporter-output>
        </test-method> <!-- runScenario -->
        <test-method status="PASS" signature="runScenario(io.cucumber.testng.PickleWrapper,io.cucumber.testng.FeatureWrapper)[pri:0, instance:org.example.runners.TestRunner1@36b4cef0]" name="runScenario" duration-ms="4977" started-at="2023-01-16T22:57:36 EET" description="Runs Cucumber Scenarios" data-provider="scenarios" finished-at="2023-01-16T22:57:41 EET">
          <params>
            <param index="0">
              <value>
                <![CDATA["user could select different Categories"]]>
              </value>
            </param>
            <param index="1">
              <value>
                <![CDATA["Logged user could select different Categories"]]>
              </value>
            </param>
          </params>
          <reporter-output>
          </reporter-output>
        </test-method> <!-- runScenario -->
        <test-method status="PASS" signature="runScenario(io.cucumber.testng.PickleWrapper,io.cucumber.testng.FeatureWrapper)[pri:0, instance:org.example.runners.TestRunner1@36b4cef0]" name="runScenario" duration-ms="5278" started-at="2023-01-16T22:57:41 EET" description="Runs Cucumber Scenarios" data-provider="scenarios" finished-at="2023-01-16T22:57:46 EET">
          <params>
            <param index="0">
              <value>
                <![CDATA["user could filter with color"]]>
              </value>
            </param>
            <param index="1">
              <value>
                <![CDATA["Logged user could filter with color"]]>
              </value>
            </param>
          </params>
          <reporter-output>
          </reporter-output>
        </test-method> <!-- runScenario -->
        <test-method status="PASS" signature="runScenario(io.cucumber.testng.PickleWrapper,io.cucumber.testng.FeatureWrapper)[pri:0, instance:org.example.runners.TestRunner1@36b4cef0]" name="runScenario" duration-ms="5446" started-at="2023-01-16T22:57:46 EET" description="Runs Cucumber Scenarios" data-provider="scenarios" finished-at="2023-01-16T22:57:52 EET">
          <params>
            <param index="0">
              <value>
                <![CDATA["user could select different tags"]]>
              </value>
            </param>
            <param index="1">
              <value>
                <![CDATA["Logged user could select different tags"]]>
              </value>
            </param>
          </params>
          <reporter-output>
          </reporter-output>
        </test-method> <!-- runScenario -->
        <test-method status="PASS" signature="runScenario(io.cucumber.testng.PickleWrapper,io.cucumber.testng.FeatureWrapper)[pri:0, instance:org.example.runners.TestRunner1@36b4cef0]" name="runScenario" duration-ms="6316" started-at="2023-01-16T22:57:52 EET" description="Runs Cucumber Scenarios" data-provider="scenarios" finished-at="2023-01-16T22:57:58 EET">
          <params>
            <param index="0">
              <value>
                <![CDATA["user could add different products to Shopping cart"]]>
              </value>
            </param>
            <param index="1">
              <value>
                <![CDATA["Logged user could add different products to Shopping cart"]]>
              </value>
            </param>
          </params>
          <reporter-output>
          </reporter-output>
        </test-method> <!-- runScenario -->
        <test-method status="PASS" signature="runScenario(io.cucumber.testng.PickleWrapper,io.cucumber.testng.FeatureWrapper)[pri:0, instance:org.example.runners.TestRunner1@36b4cef0]" name="runScenario" duration-ms="6369" started-at="2023-01-16T22:57:58 EET" description="Runs Cucumber Scenarios" data-provider="scenarios" finished-at="2023-01-16T22:58:04 EET">
          <params>
            <param index="0">
              <value>
                <![CDATA["user could add different products to Wishlist"]]>
              </value>
            </param>
            <param index="1">
              <value>
                <![CDATA["Logged user could add different products to Wishlist"]]>
              </value>
            </param>
          </params>
          <reporter-output>
          </reporter-output>
        </test-method> <!-- runScenario -->
        <test-method status="PASS" signature="runScenario(io.cucumber.testng.PickleWrapper,io.cucumber.testng.FeatureWrapper)[pri:0, instance:org.example.runners.TestRunner1@36b4cef0]" name="runScenario" duration-ms="7850" started-at="2023-01-16T22:58:04 EET" description="Runs Cucumber Scenarios" data-provider="scenarios" finished-at="2023-01-16T22:58:12 EET">
          <params>
            <param index="0">
              <value>
                <![CDATA["user could add different products to compare list"]]>
              </value>
            </param>
            <param index="1">
              <value>
                <![CDATA["Logged user could add different products to compare list"]]>
              </value>
            </param>
          </params>
          <reporter-output>
          </reporter-output>
        </test-method> <!-- runScenario -->
        <test-method status="PASS" signature="runScenario(io.cucumber.testng.PickleWrapper,io.cucumber.testng.FeatureWrapper)[pri:0, instance:org.example.runners.TestRunner1@36b4cef0]" name="runScenario" duration-ms="16270" started-at="2023-01-16T22:58:12 EET" description="Runs Cucumber Scenarios" data-provider="scenarios" finished-at="2023-01-16T22:58:28 EET">
          <params>
            <param index="0">
              <value>
                <![CDATA["Create successful Order"]]>
              </value>
            </param>
            <param index="1">
              <value>
                <![CDATA["Create successful Order"]]>
              </value>
            </param>
          </params>
          <reporter-output>
          </reporter-output>
        </test-method> <!-- runScenario -->
        <test-method status="PASS" signature="tearDownClass()[pri:0, instance:org.example.runners.TestRunner1@36b4cef0]" name="tearDownClass" is-config="true" duration-ms="123" started-at="2023-01-16T22:58:28 EET" finished-at="2023-01-16T22:58:28 EET">
          <reporter-output>
          </reporter-output>
        </test-method> <!-- tearDownClass -->
      </class> <!-- org.example.runners.TestRunner1 -->
    </test> <!-- Surefire test -->
  </suite> <!-- Surefire suite -->
</testng-results>
